{
  "RSpec": {
    "coverage": {
      "/rails_universal_api/lib/tasks/rubocop.rake": {
        "lines": [
          null,
          null,
          null,
          1,
          1,
          null,
          null
        ]
      },
      "/rails_universal_api/app/models/endpoint.rb": {
        "lines": [
          null,
          null,
          1,
          1,
          1,
          1,
          1,
          1,
          1,
          1,
          1,
          1,
          1,
          1,
          null,
          1,
          null,
          1,
          null,
          null,
          null,
          1,
          36,
          4,
          null,
          null,
          null,
          1,
          4,
          null,
          null
        ]
      },
      "/rails_universal_api/app/models/application_record.rb": {
        "lines": [
          null,
          null,
          1,
          1,
          null
        ]
      },
      "/rails_universal_api/app/validators/endpoint_request_method_validator.rb": {
        "lines": [
          null,
          null,
          1,
          1,
          null,
          1,
          4,
          4,
          4,
          null,
          null,
          1,
          4,
          4,
          null,
          null
        ]
      },
      "/rails_universal_api/app/validators/endpoint_name_validator.rb": {
        "lines": [
          null,
          null,
          1,
          1,
          null,
          1,
          4,
          4,
          4,
          null,
          null,
          1,
          4,
          null,
          null
        ]
      },
      "/rails_universal_api/app/validators/endpoint_params_validator.rb": {
        "lines": [
          null,
          null,
          1,
          1,
          null,
          1,
          4,
          4,
          0,
          null,
          4,
          4,
          21,
          null,
          null,
          null,
          null,
          1,
          4,
          4,
          4,
          4,
          null,
          null,
          1,
          21,
          21,
          21,
          null,
          0,
          null,
          null,
          null,
          null,
          1,
          21,
          21,
          null,
          0,
          null,
          null,
          null,
          null,
          1,
          21,
          21,
          null,
          0,
          null,
          null,
          null,
          null,
          1,
          21,
          21,
          null,
          0,
          null,
          null,
          null,
          1,
          21,
          21,
          21,
          21,
          null,
          null
        ]
      },
      "/rails_universal_api/app/validators/endpoint_client_tag_validator.rb": {
        "lines": [
          null,
          null,
          1,
          1,
          null,
          1,
          4,
          4,
          4,
          null,
          null,
          1,
          4,
          4,
          null,
          null
        ]
      },
      "/rails_universal_api/app/validators/endpoint_url_path_validator.rb": {
        "lines": [
          null,
          null,
          1,
          1,
          null,
          1,
          4,
          4,
          4,
          4,
          null,
          null,
          1,
          4,
          null,
          null,
          1,
          4,
          null,
          null
        ]
      },
      "/rails_universal_api/app/validators/endpoint_body_template_validator.rb": {
        "lines": [
          null,
          null,
          1,
          1,
          null,
          1,
          4,
          4,
          4,
          4,
          4,
          null,
          0,
          0,
          null,
          null,
          1,
          0,
          0,
          0,
          0,
          null,
          null,
          null,
          1,
          0,
          0,
          null,
          null
        ]
      }
    },
    "timestamp": 1598851938
  },
  "Unit Tests": {
    "coverage": {
    },
    "timestamp": 1598835230
  }
}
