<?xml version='1.0'?> 
<!DOCTYPE coverage SYSTEM "http://cobertura.sourceforge.net/xml/coverage-04.dtd">
<!-- Generated by simplecov-cobertura version 1.4.0 (https://github.com/dashingrocket/simplecov-cobertura) -->
<coverage line-rate="0.92" branch-rate="0" lines-covered="271" lines-valid="293" branches-covered="0" branches-valid="0" complexity="0" version="0" timestamp="1599119058">
  <sources>
    <source>/Users/mbiesen/git/mabiesen/rails_universal_api</source>
  </sources>
  <packages>
    <package name="Controllers" line-rate="0.84" branch-rate="0" complexity="0">
      <classes>
        <class name="api_controller" filename="app/controllers/api_controller.rb" line-rate="0.84" branch-rate="0" complexity="0">
          <methods/>
          <lines>
            <line number="3" branch="false" hits="1"/>
            <line number="5" branch="false" hits="1"/>
            <line number="6" branch="false" hits="1"/>
            <line number="7" branch="false" hits="1"/>
            <line number="8" branch="false" hits="1"/>
            <line number="11" branch="false" hits="1"/>
            <line number="12" branch="false" hits="2"/>
            <line number="16" branch="false" hits="1"/>
            <line number="17" branch="false" hits="3"/>
            <line number="18" branch="false" hits="2"/>
            <line number="19" branch="false" hits="1"/>
            <line number="24" branch="false" hits="1"/>
            <line number="25" branch="false" hits="3"/>
            <line number="26" branch="false" hits="2"/>
            <line number="27" branch="false" hits="2"/>
            <line number="28" branch="false" hits="1"/>
            <line number="33" branch="false" hits="1"/>
            <line number="34" branch="false" hits="3"/>
            <line number="35" branch="false" hits="2"/>
            <line number="36" branch="false" hits="2"/>
            <line number="37" branch="false" hits="1"/>
            <line number="41" branch="false" hits="1"/>
            <line number="44" branch="false" hits="1"/>
            <line number="45" branch="false" hits="9"/>
            <line number="46" branch="false" hits="3"/>
            <line number="47" branch="false" hits="3"/>
            <line number="50" branch="false" hits="6"/>
            <line number="51" branch="false" hits="3"/>
            <line number="52" branch="false" hits="3"/>
            <line number="57" branch="false" hits="1"/>
            <line number="58" branch="false" hits="1"/>
            <line number="59" branch="false" hits="1"/>
            <line number="60" branch="false" hits="0"/>
            <line number="61" branch="false" hits="0"/>
            <line number="62" branch="false" hits="0"/>
            <line number="65" branch="false" hits="1"/>
            <line number="66" branch="false" hits="0"/>
            <line number="67" branch="false" hits="0"/>
            <line number="68" branch="false" hits="0"/>
            <line number="69" branch="false" hits="0"/>
            <line number="70" branch="false" hits="0"/>
            <line number="74" branch="false" hits="1"/>
            <line number="75" branch="false" hits="9"/>
            <line number="81" branch="false" hits="1"/>
            <line number="82" branch="false" hits="2"/>
            <line number="89" branch="false" hits="1"/>
            <line number="90" branch="false" hits="9"/>
            <line number="91" branch="false" hits="9"/>
            <line number="92" branch="false" hits="17"/>
          </lines>
        </class>
        <class name="application_controller" filename="app/controllers/application_controller.rb" line-rate="1.0" branch-rate="0" complexity="0">
          <methods/>
          <lines>
            <line number="3" branch="false" hits="1"/>
            <line number="4" branch="false" hits="1"/>
          </lines>
        </class>
      </classes>
    </package>
    <package name="Channels" line-rate="1.0" branch-rate="0" complexity="0">
      <classes/>
    </package>
    <package name="Models" line-rate="1.0" branch-rate="0" complexity="0">
      <classes>
        <class name="application_record" filename="app/models/application_record.rb" line-rate="1.0" branch-rate="0" complexity="0">
          <methods/>
          <lines>
            <line number="3" branch="false" hits="1"/>
            <line number="4" branch="false" hits="1"/>
          </lines>
        </class>
        <class name="endpoint" filename="app/models/endpoint.rb" line-rate="1.0" branch-rate="0" complexity="0">
          <methods/>
          <lines>
            <line number="3" branch="false" hits="1"/>
            <line number="4" branch="false" hits="1"/>
            <line number="5" branch="false" hits="1"/>
            <line number="6" branch="false" hits="1"/>
            <line number="7" branch="false" hits="1"/>
            <line number="8" branch="false" hits="1"/>
            <line number="9" branch="false" hits="1"/>
            <line number="10" branch="false" hits="1"/>
            <line number="11" branch="false" hits="1"/>
            <line number="12" branch="false" hits="1"/>
            <line number="13" branch="false" hits="1"/>
            <line number="14" branch="false" hits="1"/>
            <line number="16" branch="false" hits="1"/>
            <line number="17" branch="false" hits="594"/>
            <line number="18" branch="false" hits="138"/>
            <line number="22" branch="false" hits="1"/>
            <line number="24" branch="false" hits="62"/>
          </lines>
        </class>
      </classes>
    </package>
    <package name="Mailers" line-rate="1.0" branch-rate="0" complexity="0">
      <classes/>
    </package>
    <package name="Helpers" line-rate="1.0" branch-rate="0" complexity="0">
      <classes>
        <class name="application_helper" filename="app/helpers/application_helper.rb" line-rate="1.0" branch-rate="0" complexity="0">
          <methods/>
          <lines>
            <line number="3" branch="false" hits="1"/>
          </lines>
        </class>
      </classes>
    </package>
    <package name="Jobs" line-rate="1.0" branch-rate="0" complexity="0">
      <classes/>
    </package>
    <package name="Libraries" line-rate="0.88" branch-rate="0" complexity="0">
      <classes>
        <class name="hash_helper" filename="app/lib/hash_helper.rb" line-rate="1.0" branch-rate="0" complexity="0">
          <methods/>
          <lines>
            <line number="3" branch="false" hits="1"/>
            <line number="5" branch="false" hits="1"/>
            <line number="6" branch="false" hits="1"/>
            <line number="12" branch="false" hits="1"/>
            <line number="13" branch="false" hits="2"/>
            <line number="14" branch="false" hits="2"/>
            <line number="15" branch="false" hits="6"/>
            <line number="16" branch="false" hits="30"/>
            <line number="18" branch="false" hits="27"/>
            <line number="19" branch="false" hits="27"/>
            <line number="22" branch="false" hits="2"/>
            <line number="26" branch="false" hits="1"/>
            <line number="27" branch="false" hits="2"/>
            <line number="28" branch="false" hits="2"/>
            <line number="29" branch="false" hits="2"/>
            <line number="30" branch="false" hits="5"/>
            <line number="31" branch="false" hits="5"/>
            <line number="32" branch="false" hits="15"/>
            <line number="33" branch="false" hits="6"/>
            <line number="34" branch="false" hits="6"/>
            <line number="35" branch="false" hits="9"/>
            <line number="36" branch="false" hits="4"/>
            <line number="37" branch="false" hits="1"/>
            <line number="38" branch="false" hits="1"/>
            <line number="41" branch="false" hits="15"/>
            <line number="44" branch="false" hits="2"/>
            <line number="47" branch="false" hits="1"/>
            <line number="48" branch="false" hits="7"/>
            <line number="49" branch="false" hits="7"/>
            <line number="50" branch="false" hits="7"/>
            <line number="51" branch="false" hits="7"/>
            <line number="52" branch="false" hits="29"/>
            <line number="54" branch="false" hits="27"/>
            <line number="55" branch="false" hits="27"/>
            <line number="57" branch="false" hits="7"/>
            <line number="59" branch="false" hits="4"/>
            <line number="62" branch="false" hits="1"/>
            <line number="63" branch="false" hits="6"/>
            <line number="64" branch="false" hits="6"/>
          </lines>
        </class>
        <class name="string_helper" filename="app/lib/string_helper.rb" line-rate="0.74" branch-rate="0" complexity="0">
          <methods/>
          <lines>
            <line number="3" branch="false" hits="1"/>
            <line number="4" branch="false" hits="1"/>
            <line number="6" branch="false" hits="1"/>
            <line number="7" branch="false" hits="8"/>
            <line number="9" branch="false" hits="2"/>
            <line number="11" branch="false" hits="0"/>
            <line number="13" branch="false" hits="6"/>
            <line number="15" branch="false" hits="0"/>
            <line number="17" branch="false" hits="0"/>
            <line number="21" branch="false" hits="1"/>
            <line number="22" branch="false" hits="4"/>
            <line number="25" branch="false" hits="1"/>
            <line number="26" branch="false" hits="2"/>
            <line number="29" branch="false" hits="1"/>
            <line number="30" branch="false" hits="8"/>
            <line number="32" branch="false" hits="8"/>
            <line number="34" branch="false" hits="3"/>
            <line number="37" branch="false" hits="8"/>
            <line number="39" branch="false" hits="3"/>
            <line number="42" branch="false" hits="1"/>
            <line number="43" branch="false" hits="2"/>
            <line number="44" branch="false" hits="1"/>
            <line number="46" branch="false" hits="1"/>
            <line number="49" branch="false" hits="1"/>
            <line number="50" branch="false" hits="2"/>
            <line number="51" branch="false" hits="1"/>
            <line number="53" branch="false" hits="1"/>
            <line number="56" branch="false" hits="1"/>
            <line number="57" branch="false" hits="0"/>
            <line number="59" branch="false" hits="0"/>
            <line number="61" branch="false" hits="0"/>
            <line number="63" branch="false" hits="0"/>
            <line number="65" branch="false" hits="0"/>
            <line number="67" branch="false" hits="0"/>
          </lines>
        </class>
      </classes>
    </package>
    <package name="Validators" line-rate="0.99" branch-rate="0" complexity="0">
      <classes>
        <class name="endpoint_body_template_validator" filename="app/validators/endpoint_body_template_validator.rb" line-rate="1.0" branch-rate="0" complexity="0">
          <methods/>
          <lines>
            <line number="3" branch="false" hits="1"/>
            <line number="4" branch="false" hits="1"/>
            <line number="6" branch="false" hits="1"/>
            <line number="7" branch="false" hits="57"/>
            <line number="8" branch="false" hits="57"/>
            <line number="9" branch="false" hits="57"/>
            <line number="10" branch="false" hits="57"/>
            <line number="11" branch="false" hits="57"/>
            <line number="13" branch="false" hits="3"/>
            <line number="14" branch="false" hits="3"/>
            <line number="17" branch="false" hits="1"/>
            <line number="18" branch="false" hits="3"/>
            <line number="19" branch="false" hits="3"/>
            <line number="20" branch="false" hits="2"/>
            <line number="21" branch="false" hits="2"/>
            <line number="25" branch="false" hits="1"/>
            <line number="26" branch="false" hits="3"/>
            <line number="27" branch="false" hits="3"/>
          </lines>
        </class>
        <class name="endpoint_client_tag_validator" filename="app/validators/endpoint_client_tag_validator.rb" line-rate="1.0" branch-rate="0" complexity="0">
          <methods/>
          <lines>
            <line number="3" branch="false" hits="1"/>
            <line number="4" branch="false" hits="1"/>
            <line number="6" branch="false" hits="1"/>
            <line number="7" branch="false" hits="57"/>
            <line number="8" branch="false" hits="57"/>
            <line number="9" branch="false" hits="57"/>
            <line number="12" branch="false" hits="1"/>
            <line number="13" branch="false" hits="57"/>
            <line number="14" branch="false" hits="57"/>
          </lines>
        </class>
        <class name="endpoint_name_validator" filename="app/validators/endpoint_name_validator.rb" line-rate="1.0" branch-rate="0" complexity="0">
          <methods/>
          <lines>
            <line number="3" branch="false" hits="1"/>
            <line number="4" branch="false" hits="1"/>
            <line number="6" branch="false" hits="1"/>
            <line number="7" branch="false" hits="57"/>
            <line number="8" branch="false" hits="57"/>
            <line number="9" branch="false" hits="57"/>
            <line number="12" branch="false" hits="1"/>
            <line number="13" branch="false" hits="57"/>
          </lines>
        </class>
        <class name="endpoint_params_validator" filename="app/validators/endpoint_params_validator.rb" line-rate="0.97" branch-rate="0" complexity="0">
          <methods/>
          <lines>
            <line number="3" branch="false" hits="1"/>
            <line number="4" branch="false" hits="1"/>
            <line number="6" branch="false" hits="1"/>
            <line number="7" branch="false" hits="57"/>
            <line number="8" branch="false" hits="57"/>
            <line number="9" branch="false" hits="0"/>
            <line number="11" branch="false" hits="57"/>
            <line number="12" branch="false" hits="57"/>
            <line number="13" branch="false" hits="71"/>
            <line number="18" branch="false" hits="1"/>
            <line number="19" branch="false" hits="57"/>
            <line number="20" branch="false" hits="57"/>
            <line number="21" branch="false" hits="57"/>
            <line number="22" branch="false" hits="57"/>
            <line number="25" branch="false" hits="1"/>
            <line number="26" branch="false" hits="71"/>
            <line number="27" branch="false" hits="70"/>
            <line number="28" branch="false" hits="70"/>
            <line number="30" branch="false" hits="1"/>
            <line number="35" branch="false" hits="1"/>
            <line number="36" branch="false" hits="70"/>
            <line number="37" branch="false" hits="69"/>
            <line number="39" branch="false" hits="1"/>
            <line number="44" branch="false" hits="1"/>
            <line number="45" branch="false" hits="70"/>
            <line number="46" branch="false" hits="69"/>
            <line number="48" branch="false" hits="1"/>
            <line number="53" branch="false" hits="1"/>
            <line number="54" branch="false" hits="69"/>
            <line number="55" branch="false" hits="69"/>
            <line number="57" branch="false" hits="1"/>
            <line number="61" branch="false" hits="1"/>
            <line number="62" branch="false" hits="69"/>
            <line number="63" branch="false" hits="69"/>
            <line number="64" branch="false" hits="69"/>
            <line number="65" branch="false" hits="69"/>
          </lines>
        </class>
        <class name="endpoint_request_method_validator" filename="app/validators/endpoint_request_method_validator.rb" line-rate="1.0" branch-rate="0" complexity="0">
          <methods/>
          <lines>
            <line number="3" branch="false" hits="1"/>
            <line number="4" branch="false" hits="1"/>
            <line number="6" branch="false" hits="1"/>
            <line number="7" branch="false" hits="57"/>
            <line number="8" branch="false" hits="57"/>
            <line number="9" branch="false" hits="57"/>
            <line number="12" branch="false" hits="1"/>
            <line number="13" branch="false" hits="57"/>
            <line number="14" branch="false" hits="57"/>
          </lines>
        </class>
        <class name="endpoint_url_path_validator" filename="app/validators/endpoint_url_path_validator.rb" line-rate="1.0" branch-rate="0" complexity="0">
          <methods/>
          <lines>
            <line number="3" branch="false" hits="1"/>
            <line number="4" branch="false" hits="1"/>
            <line number="6" branch="false" hits="1"/>
            <line number="7" branch="false" hits="57"/>
            <line number="8" branch="false" hits="57"/>
            <line number="9" branch="false" hits="57"/>
            <line number="10" branch="false" hits="57"/>
            <line number="13" branch="false" hits="1"/>
            <line number="14" branch="false" hits="57"/>
            <line number="17" branch="false" hits="1"/>
            <line number="18" branch="false" hits="57"/>
          </lines>
        </class>
      </classes>
    </package>
    <package name="Ungrouped" line-rate="0.93" branch-rate="0" complexity="0">
      <classes>
        <class name="endpoint_client" filename="app/interactors/endpoint_client.rb" line-rate="1.0" branch-rate="0" complexity="0">
          <methods/>
          <lines>
            <line number="3" branch="false" hits="1"/>
            <line number="4" branch="false" hits="1"/>
            <line number="5" branch="false" hits="1"/>
            <line number="7" branch="false" hits="1"/>
            <line number="8" branch="false" hits="3"/>
            <line number="9" branch="false" hits="3"/>
            <line number="12" branch="false" hits="1"/>
            <line number="13" branch="false" hits="3"/>
            <line number="14" branch="false" hits="3"/>
            <line number="15" branch="false" hits="3"/>
          </lines>
        </class>
        <class name="endpoint_request_builder" filename="app/interactors/endpoint_request_builder.rb" line-rate="0.92" branch-rate="0" complexity="0">
          <methods/>
          <lines>
            <line number="4" branch="false" hits="1"/>
            <line number="5" branch="false" hits="1"/>
            <line number="7" branch="false" hits="1"/>
            <line number="8" branch="false" hits="19"/>
            <line number="9" branch="false" hits="19"/>
            <line number="10" branch="false" hits="19"/>
            <line number="11" branch="false" hits="19"/>
            <line number="14" branch="false" hits="1"/>
            <line number="15" branch="false" hits="7"/>
            <line number="18" branch="false" hits="1"/>
            <line number="19" branch="false" hits="4"/>
            <line number="22" branch="false" hits="1"/>
            <line number="23" branch="false" hits="5"/>
            <line number="26" branch="false" hits="1"/>
            <line number="27" branch="false" hits="12"/>
            <line number="29" branch="false" hits="10"/>
            <line number="30" branch="false" hits="10"/>
            <line number="32" branch="false" hits="10"/>
            <line number="34" branch="false" hits="8"/>
            <line number="36" branch="false" hits="8"/>
            <line number="39" branch="false" hits="1"/>
            <line number="43" branch="false" hits="1"/>
            <line number="44" branch="false" hits="7"/>
            <line number="45" branch="false" hits="16"/>
            <line number="47" branch="false" hits="4"/>
            <line number="48" branch="false" hits="6"/>
            <line number="53" branch="false" hits="1"/>
            <line number="54" branch="false" hits="4"/>
            <line number="55" branch="false" hits="4"/>
            <line number="56" branch="false" hits="4"/>
            <line number="57" branch="false" hits="4"/>
            <line number="59" branch="false" hits="4"/>
            <line number="64" branch="false" hits="1"/>
            <line number="65" branch="false" hits="5"/>
            <line number="66" branch="false" hits="5"/>
            <line number="67" branch="false" hits="5"/>
            <line number="68" branch="false" hits="5"/>
            <line number="69" branch="false" hits="2"/>
            <line number="71" branch="false" hits="5"/>
            <line number="72" branch="false" hits="5"/>
            <line number="75" branch="false" hits="1"/>
            <line number="76" branch="false" hits="8"/>
            <line number="79" branch="false" hits="1"/>
            <line number="80" branch="false" hits="0"/>
            <line number="82" branch="false" hits="0"/>
            <line number="85" branch="false" hits="1"/>
            <line number="86" branch="false" hits="0"/>
            <line number="87" branch="false" hits="0"/>
          </lines>
        </class>
      </classes>
    </package>
  </packages>
</coverage>