<?xml version='1.0'?> 
<!DOCTYPE coverage SYSTEM "http://cobertura.sourceforge.net/xml/coverage-04.dtd">
<!-- Generated by simplecov-cobertura version 1.4.0 (https://github.com/dashingrocket/simplecov-cobertura) -->
<coverage line-rate="0.46" branch-rate="0" lines-covered="53" lines-valid="116" branches-covered="0" branches-valid="0" complexity="0" version="0" timestamp="1599031972">
  <sources>
    <source>/Users/mbiesen/git/mabiesen/rails_universal_api</source>
  </sources>
  <packages>
    <package name="Controllers" line-rate="1.0" branch-rate="0" complexity="0">
      <classes>
        <class name="application_controller" filename="app/controllers/application_controller.rb" line-rate="1.0" branch-rate="0" complexity="0">
          <methods/>
          <lines>
            <line number="3" branch="false" hits="1"/>
            <line number="4" branch="false" hits="1"/>
          </lines>
        </class>
        <class name="home_controller" filename="app/controllers/home_controller.rb" line-rate="1.0" branch-rate="0" complexity="0">
          <methods/>
          <lines>
            <line number="3" branch="false" hits="1"/>
            <line number="5" branch="false" hits="1"/>
            <line number="6" branch="false" hits="1"/>
          </lines>
        </class>
      </classes>
    </package>
    <package name="Channels" line-rate="1.0" branch-rate="0" complexity="0">
      <classes/>
    </package>
    <package name="Models" line-rate="0.84" branch-rate="0" complexity="0">
      <classes>
        <class name="application_record" filename="app/models/application_record.rb" line-rate="1.0" branch-rate="0" complexity="0">
          <methods/>
          <lines>
            <line number="3" branch="false" hits="1"/>
            <line number="4" branch="false" hits="1"/>
          </lines>
        </class>
        <class name="endpoint" filename="app/models/endpoint.rb" line-rate="0.82" branch-rate="0" complexity="0">
          <methods/>
          <lines>
            <line number="3" branch="false" hits="1"/>
            <line number="4" branch="false" hits="1"/>
            <line number="5" branch="false" hits="1"/>
            <line number="6" branch="false" hits="1"/>
            <line number="7" branch="false" hits="1"/>
            <line number="8" branch="false" hits="1"/>
            <line number="9" branch="false" hits="1"/>
            <line number="10" branch="false" hits="1"/>
            <line number="11" branch="false" hits="1"/>
            <line number="12" branch="false" hits="1"/>
            <line number="13" branch="false" hits="1"/>
            <line number="14" branch="false" hits="1"/>
            <line number="16" branch="false" hits="1"/>
            <line number="17" branch="false" hits="0"/>
            <line number="18" branch="false" hits="0"/>
            <line number="22" branch="false" hits="1"/>
            <line number="24" branch="false" hits="0"/>
          </lines>
        </class>
      </classes>
    </package>
    <package name="Mailers" line-rate="1.0" branch-rate="0" complexity="0">
      <classes/>
    </package>
    <package name="Helpers" line-rate="1.0" branch-rate="0" complexity="0">
      <classes>
        <class name="application_helper" filename="app/helpers/application_helper.rb" line-rate="1.0" branch-rate="0" complexity="0">
          <methods/>
          <lines>
            <line number="3" branch="false" hits="1"/>
          </lines>
        </class>
      </classes>
    </package>
    <package name="Jobs" line-rate="1.0" branch-rate="0" complexity="0">
      <classes/>
    </package>
    <package name="Libraries" line-rate="1.0" branch-rate="0" complexity="0">
      <classes/>
    </package>
    <package name="Validators" line-rate="0.34" branch-rate="0" complexity="0">
      <classes>
        <class name="endpoint_body_template_validator" filename="app/validators/endpoint_body_template_validator.rb" line-rate="0.28" branch-rate="0" complexity="0">
          <methods/>
          <lines>
            <line number="3" branch="false" hits="1"/>
            <line number="4" branch="false" hits="1"/>
            <line number="6" branch="false" hits="1"/>
            <line number="7" branch="false" hits="0"/>
            <line number="8" branch="false" hits="0"/>
            <line number="9" branch="false" hits="0"/>
            <line number="10" branch="false" hits="0"/>
            <line number="11" branch="false" hits="0"/>
            <line number="13" branch="false" hits="0"/>
            <line number="14" branch="false" hits="0"/>
            <line number="17" branch="false" hits="1"/>
            <line number="18" branch="false" hits="0"/>
            <line number="19" branch="false" hits="0"/>
            <line number="20" branch="false" hits="0"/>
            <line number="21" branch="false" hits="0"/>
            <line number="25" branch="false" hits="1"/>
            <line number="26" branch="false" hits="0"/>
            <line number="27" branch="false" hits="0"/>
          </lines>
        </class>
        <class name="endpoint_client_tag_validator" filename="app/validators/endpoint_client_tag_validator.rb" line-rate="0.44" branch-rate="0" complexity="0">
          <methods/>
          <lines>
            <line number="3" branch="false" hits="1"/>
            <line number="4" branch="false" hits="1"/>
            <line number="6" branch="false" hits="1"/>
            <line number="7" branch="false" hits="0"/>
            <line number="8" branch="false" hits="0"/>
            <line number="9" branch="false" hits="0"/>
            <line number="12" branch="false" hits="1"/>
            <line number="13" branch="false" hits="0"/>
            <line number="14" branch="false" hits="0"/>
          </lines>
        </class>
        <class name="endpoint_name_validator" filename="app/validators/endpoint_name_validator.rb" line-rate="0.5" branch-rate="0" complexity="0">
          <methods/>
          <lines>
            <line number="3" branch="false" hits="1"/>
            <line number="4" branch="false" hits="1"/>
            <line number="6" branch="false" hits="1"/>
            <line number="7" branch="false" hits="0"/>
            <line number="8" branch="false" hits="0"/>
            <line number="9" branch="false" hits="0"/>
            <line number="12" branch="false" hits="1"/>
            <line number="13" branch="false" hits="0"/>
          </lines>
        </class>
        <class name="endpoint_params_validator" filename="app/validators/endpoint_params_validator.rb" line-rate="0.25" branch-rate="0" complexity="0">
          <methods/>
          <lines>
            <line number="3" branch="false" hits="1"/>
            <line number="4" branch="false" hits="1"/>
            <line number="6" branch="false" hits="1"/>
            <line number="7" branch="false" hits="0"/>
            <line number="8" branch="false" hits="0"/>
            <line number="9" branch="false" hits="0"/>
            <line number="11" branch="false" hits="0"/>
            <line number="12" branch="false" hits="0"/>
            <line number="13" branch="false" hits="0"/>
            <line number="18" branch="false" hits="1"/>
            <line number="19" branch="false" hits="0"/>
            <line number="20" branch="false" hits="0"/>
            <line number="21" branch="false" hits="0"/>
            <line number="22" branch="false" hits="0"/>
            <line number="25" branch="false" hits="1"/>
            <line number="26" branch="false" hits="0"/>
            <line number="27" branch="false" hits="0"/>
            <line number="28" branch="false" hits="0"/>
            <line number="30" branch="false" hits="0"/>
            <line number="35" branch="false" hits="1"/>
            <line number="36" branch="false" hits="0"/>
            <line number="37" branch="false" hits="0"/>
            <line number="39" branch="false" hits="0"/>
            <line number="44" branch="false" hits="1"/>
            <line number="45" branch="false" hits="0"/>
            <line number="46" branch="false" hits="0"/>
            <line number="48" branch="false" hits="0"/>
            <line number="53" branch="false" hits="1"/>
            <line number="54" branch="false" hits="0"/>
            <line number="55" branch="false" hits="0"/>
            <line number="57" branch="false" hits="0"/>
            <line number="61" branch="false" hits="1"/>
            <line number="62" branch="false" hits="0"/>
            <line number="63" branch="false" hits="0"/>
            <line number="64" branch="false" hits="0"/>
            <line number="65" branch="false" hits="0"/>
          </lines>
        </class>
        <class name="endpoint_request_method_validator" filename="app/validators/endpoint_request_method_validator.rb" line-rate="0.44" branch-rate="0" complexity="0">
          <methods/>
          <lines>
            <line number="3" branch="false" hits="1"/>
            <line number="4" branch="false" hits="1"/>
            <line number="6" branch="false" hits="1"/>
            <line number="7" branch="false" hits="0"/>
            <line number="8" branch="false" hits="0"/>
            <line number="9" branch="false" hits="0"/>
            <line number="12" branch="false" hits="1"/>
            <line number="13" branch="false" hits="0"/>
            <line number="14" branch="false" hits="0"/>
          </lines>
        </class>
        <class name="endpoint_url_path_validator" filename="app/validators/endpoint_url_path_validator.rb" line-rate="0.45" branch-rate="0" complexity="0">
          <methods/>
          <lines>
            <line number="3" branch="false" hits="1"/>
            <line number="4" branch="false" hits="1"/>
            <line number="6" branch="false" hits="1"/>
            <line number="7" branch="false" hits="0"/>
            <line number="8" branch="false" hits="0"/>
            <line number="9" branch="false" hits="0"/>
            <line number="10" branch="false" hits="0"/>
            <line number="13" branch="false" hits="1"/>
            <line number="14" branch="false" hits="0"/>
            <line number="17" branch="false" hits="1"/>
            <line number="18" branch="false" hits="0"/>
          </lines>
        </class>
      </classes>
    </package>
  </packages>
</coverage>